#
# There is insufficient memory for the Java Runtime Environment to continue.
# Native memory allocation (malloc) failed to allocate 1057376 bytes for Chunk::new
# Possible reasons:
#   The system is out of physical RAM or swap space
#   The process is running with CompressedOops enabled, and the Java Heap may be blocking the growth of the native heap
# Possible solutions:
#   Reduce memory load on the system
#   Increase physical memory or swap space
#   Check if swap backing store is full
#   Decrease Java heap size (-Xmx/-Xms)
#   Decrease number of Java threads
#   Decrease Java thread stack sizes (-Xss)
#   Set larger code cache with -XX:ReservedCodeCacheSize=
#   JVM is running with Unscaled Compressed Oops mode in which the Java heap is
#     placed in the first 4GB address space. The Java Heap base address is the
#     maximum limit for the native heap growth. Please use -XX:HeapBaseMinAddress
#     to set the Java Heap base and to place the Java Heap above 4GB virtual address.
# This output file may be truncated or incomplete.
#
#  Out of Memory Error (arena.cpp:189), pid=29896, tid=25956
#
# JRE version: OpenJDK Runtime Environment Temurin-17.0.4.1+1 (17.0.4.1+1) (build 17.0.4.1+1)
# Java VM: OpenJDK 64-Bit Server VM Temurin-17.0.4.1+1 (17.0.4.1+1, mixed mode, tiered, compressed oops, compressed class ptrs, parallel gc, windows-amd64)
# No core dump will be written. Minidumps are not enabled by default on client versions of Windows
#

---------------  S U M M A R Y ------------

Command Line: --add-modules=ALL-SYSTEM --add-opens=java.base/java.util=ALL-UNNAMED --add-opens=java.base/java.lang=ALL-UNNAMED --add-opens=java.base/sun.nio.fs=ALL-UNNAMED -Declipse.application=org.eclipse.jdt.ls.core.id1 -Dosgi.bundles.defaultStartLevel=4 -Declipse.product=org.eclipse.jdt.ls.core.product -Djava.import.generatesMetadataFilesAtProjectRoot=false -Dfile.encoding=utf8 -XX:+UseParallelGC -XX:GCTimeRatio=4 -XX:AdaptiveSizePolicyWeight=90 -Dsun.zip.disableMemoryMapping=true -Xmx1G -Xms100m -Xlog:disable -javaagent:c:\Users\krush\.kiro\extensions\redhat.java-1.12.0-win32-x64\lombok\lombok-1.18.24.jar -XX:+HeapDumpOnOutOfMemoryError -XX:HeapDumpPath=c:\Users\krush\AppData\Roaming\Kiro\User\workspaceStorage\934c1f062ea8e8dbf56b386759fc694c\redhat.java c:\Users\krush\.kiro\extensions\redhat.java-1.12.0-win32-x64\server\plugins\org.eclipse.equinox.launcher_1.6.400.v20210924-0641.jar -configuration c:\Users\krush\AppData\Roaming\Kiro\User\globalStorage\redhat.java\1.12.0\config_win -data c:\Users\krush\AppData\Roaming\Kiro\User\workspaceStorage\934c1f062ea8e8dbf56b386759fc694c\redhat.java\jdt_ws

Host: AMD Ryzen 5 5600H with Radeon Graphics         , 12 cores, 7G,  Windows 11 , 64 bit Build 26100 (10.0.26100.8246)
Time: Wed Apr 22 21:04:10 2026 India Standard Time elapsed time: 14460.163910 seconds (0d 4h 1m 0s)

---------------  T H R E A D  ---------------

Current thread (0x00000183eecaab10):  JavaThread "C2 CompilerThread0" daemon [_thread_in_native, id=25956, stack(0x0000005505e00000,0x0000005505f00000)]


Current CompileTask:
C2:14460164 25598       4       org.eclipse.jdt.internal.compiler.lookup.MethodVerifier::computeInheritedMethods (1071 bytes)

Stack: [0x0000005505e00000,0x0000005505f00000]
Native frames: (J=compiled Java code, j=interpreted, Vv=VM code, C=native code)
V  [jvm.dll+0x67731a]
V  [jvm.dll+0x832284]
V  [jvm.dll+0x833a2e]
V  [jvm.dll+0x834093]
V  [jvm.dll+0x245775]
V  [jvm.dll+0xabd7b]
V  [jvm.dll+0xac30c]
V  [jvm.dll+0x2ac80f]
V  [jvm.dll+0x57dd77]
V  [jvm.dll+0x220892]
V  [jvm.dll+0x220c6f]
V  [jvm.dll+0x21a4d5]
V  [jvm.dll+0x21799b]
V  [jvm.dll+0x1a3f8d]
V  [jvm.dll+0x227498]
V  [jvm.dll+0x2255e5]
V  [jvm.dll+0x7e7e9b]
V  [jvm.dll+0x7e240a]
V  [jvm.dll+0x6761a5]
C  [ucrtbase.dll+0x37b0]
C  [KERNEL32.DLL+0x2e8d7]
C  [ntdll.dll+0x8c3fc]


---------------  P R O C E S S  ---------------

Threads class SMR info:
_java_thread_list=0x00000183f72efe10, length=30, elements={
0x00000183d7556250, 0x00000183ed0fb9e0, 0x00000183ed0fdbd0, 0x00000183eeca2010,
0x00000183eeca28d0, 0x00000183eeca44a0, 0x00000183d760d6c0, 0x00000183eecaab10,
0x00000183eecd5530, 0x00000183eecdc5d0, 0x00000183eedbe670, 0x00000183f022f510,
0x00000183f143a980, 0x00000183f093a180, 0x00000183f1480070, 0x00000183f1480a10,
0x00000183f16b27a0, 0x00000183f16b1930, 0x00000183f16b2c70, 0x00000183f16b4950,
0x00000183f16b4480, 0x00000183f16b3140, 0x00000183f16b0f90, 0x00000183f296d020,
0x00000183f16b52f0, 0x00000183f16b57c0, 0x00000183f16b1e00, 0x00000183f16b5c90,
0x00000183f16b22d0, 0x00000183fbdb5730
}

Java Threads: ( => current thread )
  0x00000183d7556250 JavaThread "main" [_thread_blocked, id=28468, stack(0x0000005505500000,0x0000005505600000)]
  0x00000183ed0fb9e0 JavaThread "Reference Handler" daemon [_thread_blocked, id=10396, stack(0x0000005505800000,0x0000005505900000)]
  0x00000183ed0fdbd0 JavaThread "Finalizer" daemon [_thread_blocked, id=30804, stack(0x0000005505900000,0x0000005505a00000)]
  0x00000183eeca2010 JavaThread "Signal Dispatcher" daemon [_thread_blocked, id=32220, stack(0x0000005505a00000,0x0000005505b00000)]
  0x00000183eeca28d0 JavaThread "Attach Listener" daemon [_thread_blocked, id=23404, stack(0x0000005505b00000,0x0000005505c00000)]
  0x00000183eeca44a0 JavaThread "Service Thread" daemon [_thread_blocked, id=9020, stack(0x0000005505c00000,0x0000005505d00000)]
  0x00000183d760d6c0 JavaThread "Monitor Deflation Thread" daemon [_thread_blocked, id=27096, stack(0x0000005505d00000,0x0000005505e00000)]
=>0x00000183eecaab10 JavaThread "C2 CompilerThread0" daemon [_thread_in_native, id=25956, stack(0x0000005505e00000,0x0000005505f00000)]
  0x00000183eecd5530 JavaThread "C1 CompilerThread0" daemon [_thread_blocked, id=16536, stack(0x0000005505f00000,0x0000005506000000)]
  0x00000183eecdc5d0 JavaThread "Sweeper thread" daemon [_thread_blocked, id=25500, stack(0x0000005506000000,0x0000005506100000)]
  0x00000183eedbe670 JavaThread "Common-Cleaner" daemon [_thread_blocked, id=32272, stack(0x0000005506100000,0x0000005506200000)]
  0x00000183f022f510 JavaThread "Notification Thread" daemon [_thread_blocked, id=22048, stack(0x0000005506300000,0x0000005506400000)]
  0x00000183f143a980 JavaThread "Active Thread: Equinox Container: a7f3ec62-1ed1-48ea-9a1a-6cea5fe452f2" [_thread_blocked, id=31212, stack(0x0000005506f00000,0x0000005507000000)]
  0x00000183f093a180 JavaThread "Framework Event Dispatcher: Equinox Container: a7f3ec62-1ed1-48ea-9a1a-6cea5fe452f2" daemon [_thread_blocked, id=24448, stack(0x0000005507100000,0x0000005507200000)]
  0x00000183f1480070 JavaThread "Start Level: Equinox Container: a7f3ec62-1ed1-48ea-9a1a-6cea5fe452f2" daemon [_thread_blocked, id=29560, stack(0x0000005507200000,0x0000005507300000)]
  0x00000183f1480a10 JavaThread "Refresh Thread: Equinox Container: a7f3ec62-1ed1-48ea-9a1a-6cea5fe452f2" daemon [_thread_blocked, id=12008, stack(0x0000005507400000,0x0000005507500000)]
  0x00000183f16b27a0 JavaThread "SCR Component Actor" daemon [_thread_blocked, id=13428, stack(0x0000005507c00000,0x0000005507d00000)]
  0x00000183f16b1930 JavaThread "Worker-JM" [_thread_blocked, id=33664, stack(0x0000005507f00000,0x0000005508000000)]
  0x00000183f16b2c70 JavaThread "Bundle File Closer" daemon [_thread_blocked, id=32504, stack(0x0000005507000000,0x0000005507100000)]
  0x00000183f16b4950 JavaThread "Java indexing" daemon [_thread_blocked, id=21420, stack(0x0000005508400000,0x0000005508500000)]
  0x00000183f16b4480 JavaThread "JNA Cleaner" daemon [_thread_blocked, id=33164, stack(0x0000005508600000,0x0000005508700000)]
  0x00000183f16b3140 JavaThread "pool-2-thread-1" [_thread_blocked, id=2152, stack(0x0000005508900000,0x0000005508a00000)]
  0x00000183f16b0f90 JavaThread "pool-1-thread-1" [_thread_in_native, id=33500, stack(0x0000005508a00000,0x0000005508b00000)]
  0x00000183f296d020 JavaThread "Worker-11" [_thread_blocked, id=27456, stack(0x0000005505300000,0x0000005505400000)]
  0x00000183f16b52f0 JavaThread "Worker-16" [_thread_blocked, id=33228, stack(0x0000005505200000,0x0000005505300000)]
  0x00000183f16b57c0 JavaThread "ForkJoinPool.commonPool-worker-20" daemon [_thread_blocked, id=35800, stack(0x0000005505400000,0x0000005505500000)]
  0x00000183f16b1e00 JavaThread "ForkJoinPool.commonPool-worker-21" daemon [_thread_blocked, id=32028, stack(0x0000005506900000,0x0000005506a00000)]
  0x00000183f16b5c90 JavaThread "ForkJoinPool.commonPool-worker-22" daemon [_thread_blocked, id=26236, stack(0x0000005506a00000,0x0000005506b00000)]
  0x00000183f16b22d0 JavaThread "Worker-17" [_thread_blocked, id=31244, stack(0x0000005506b00000,0x0000005506c00000)]
  0x00000183fbdb5730 JavaThread "Worker-18" [_thread_blocked, id=3756, stack(0x0000005506c00000,0x0000005506d00000)]

Other Threads:
  0x00000183ed0f78e0 VMThread "VM Thread" [stack: 0x0000005505700000,0x0000005505800000] [id=24188]
  0x00000183f022f9e0 WatcherThread [stack: 0x0000005506400000,0x0000005506500000] [id=10252]
  0x00000183d756e020 GCTaskThread "GC Thread#0" [stack: 0x0000005505600000,0x0000005505700000] [id=33324]
  0x00000183f08c16a0 GCTaskThread "GC Thread#1" [stack: 0x0000005506200000,0x0000005506300000] [id=7840]
  0x00000183f0902140 GCTaskThread "GC Thread#2" [stack: 0x0000005506500000,0x0000005506600000] [id=13876]
  0x00000183f09023f0 GCTaskThread "GC Thread#3" [stack: 0x0000005506600000,0x0000005506700000] [id=27368]
  0x00000183f09026a0 GCTaskThread "GC Thread#4" [stack: 0x0000005506700000,0x0000005506800000] [id=23676]
  0x00000183f0902950 GCTaskThread "GC Thread#5" [stack: 0x0000005506800000,0x0000005506900000] [id=21036]
  0x00000183f0597f30 GCTaskThread "GC Thread#6" [stack: 0x0000005507300000,0x0000005507400000] [id=32288]
  0x00000183f1767b30 GCTaskThread "GC Thread#7" [stack: 0x0000005507b00000,0x0000005507c00000] [id=30900]
  0x00000183f1ee09f0 GCTaskThread "GC Thread#8" [stack: 0x0000005507e00000,0x0000005507f00000] [id=9372]
  0x00000183f1f9b110 GCTaskThread "GC Thread#9" [stack: 0x0000005508000000,0x0000005508100000] [id=33220]

Threads with active compile tasks:
C2 CompilerThread0  14460211 25598       4       org.eclipse.jdt.internal.compiler.lookup.MethodVerifier::computeInheritedMethods (1071 bytes)

VM state: not at safepoint (normal execution)

VM Mutex/Monitor currently owned by a thread: None

Heap address: 0x00000000c0000000, size: 1024 MB, Compressed Oops mode: 32-bit

CDS archive(s) not mapped
Compressed class space mapped at: 0x0000000100000000-0x0000000140000000, reserved size: 1073741824
Narrow klass base: 0x0000000000000000, Narrow klass shift: 3, Narrow klass range: 0x140000000

GC Precious Log:
 CPUs: 12 total, 12 available
 Memory: 7518M
 Large Page Support: Disabled
 NUMA Support: Disabled
 Compressed Oops: Enabled (32-bit)
 Alignments: Space 512K, Generation 512K, Heap 2M
 Heap Min Capacity: 100M
 Heap Initial Capacity: 100M
 Heap Max Capacity: 1G
 Pre-touch: Disabled
 Parallel Workers: 10

Heap:
 PSYoungGen      total 11264K, used 4286K [0x00000000eab00000, 0x00000000eb780000, 0x0000000100000000)
  eden space 10752K, 35% used [0x00000000eab00000,0x00000000eaeafb68,0x00000000eb580000)
  from space 512K, 100% used [0x00000000eb700000,0x00000000eb780000,0x00000000eb780000)
  to   space 1024K, 0% used [0x00000000eb580000,0x00000000eb580000,0x00000000eb680000)
 ParOldGen       total 231936K, used 218741K [0x00000000c0000000, 0x00000000ce280000, 0x00000000eab00000)
  object space 231936K, 94% used [0x00000000c0000000,0x00000000cd59d760,0x00000000ce280000)
 Metaspace       used 83001K, committed 84288K, reserved 1130496K
  class space    used 7927K, committed 8448K, reserved 1048576K

Card table byte_map: [0x00000183ea970000,0x00000183eab80000] _byte_map_base: 0x00000183ea370000

Marking Bits: (ParMarkBitMap*) 0x00007ffd04f72cc0
 Begin Bits: [0x00000183eace0000, 0x00000183ebce0000)
 End Bits:   [0x00000183ebce0000, 0x00000183ecce0000)

Polling page: 0x00000183d72e0000

Metaspace:

Usage:
  Non-class:     73.31 MB used.
      Class:      7.74 MB used.
       Both:     81.06 MB used.

Virtual space:
  Non-class space:       80.00 MB reserved,      74.06 MB ( 93%) committed,  10 nodes.
      Class space:        1.00 GB reserved,       8.25 MB ( <1%) committed,  1 nodes.
             Both:        1.08 GB reserved,      82.31 MB (  7%) committed. 

Chunk freelists:
   Non-Class:  2.03 MB
       Class:  3.79 MB
        Both:  5.82 MB

MaxMetaspaceSize: unlimited
CompressedClassSpaceSize: 1.00 GB
Initial GC threshold: 21.00 MB
Current GC threshold: 137.12 MB
CDS: off
MetaspaceReclaimPolicy: balanced
 - commit_granule_bytes: 65536.
 - commit_granule_words: 8192.
 - virtual_space_node_default_size: 1048576.
 - enlarge_chunks_in_place: 1.
 - new_chunks_are_fully_committed: 0.
 - uncommit_free_chunks: 1.
 - use_allocation_guard: 0.
 - handle_deallocations: 1.


Internal statistics:

num_allocs_failed_limit: 6.
num_arena_births: 1122.
num_arena_deaths: 490.
num_vsnodes_births: 11.
num_vsnodes_deaths: 0.
num_space_committed: 1317.
num_space_uncommitted: 0.
num_chunks_returned_to_freelist: 654.
num_chunks_taken_from_freelist: 4503.
num_chunk_merges: 235.
num_chunk_splits: 2742.
num_chunks_enlarged: 1689.
num_purges: 12.
num_inconsistent_stats: 0.

CodeHeap 'non-profiled nmethods': size=120000Kb used=23522Kb max_used=23522Kb free=96477Kb
 bounds [0x00000183e3250000, 0x00000183e4950000, 0x00000183ea780000]
CodeHeap 'profiled nmethods': size=120000Kb used=37763Kb max_used=37763Kb free=82236Kb
 bounds [0x00000183dbd20000, 0x00000183de220000, 0x00000183e3250000]
CodeHeap 'non-nmethods': size=5760Kb used=1396Kb max_used=1487Kb free=4363Kb
 bounds [0x00000183db780000, 0x00000183db9f0000, 0x00000183dbd20000]
 total_blobs=18275 nmethods=17535 adapters=651
 compilation: enabled
              stopped_count=0, restarted_count=0
 full_count=0

Compilation events (20 events):
Event: 14458.558 Thread 0x00000183eecd5530 25589       3       org.eclipse.jdt.internal.core.ClassFileInfo::generateAnnotationInfo (235 bytes)
Event: 14458.570 Thread 0x00000183eecd5530 nmethod 25589 0x00000183de214390 code [0x00000183de2146c0, 0x00000183de215ed8]
Event: 14458.578 Thread 0x00000183eecaab10 nmethod 25588 0x00000183e493d510 code [0x00000183e493d6e0, 0x00000183e493e078]
Event: 14458.578 Thread 0x00000183eecaab10 25590       4       org.eclipse.core.internal.content.ContentTypeHandler::getDefaultDescription (27 bytes)
Event: 14458.598 Thread 0x00000183eecaab10 nmethod 25590 0x00000183e493e510 code [0x00000183e493e6a0, 0x00000183e493e9b8]
Event: 14458.607 Thread 0x00000183eecaab10 25591       4       org.eclipse.jdt.core.dom.DefaultASTVisitor::endVisit (6 bytes)
Event: 14458.616 Thread 0x00000183eecaab10 nmethod 25591 0x00000183e493ec10 code [0x00000183e493eda0, 0x00000183e493efe8]
Event: 14458.626 Thread 0x00000183eecaab10 25592       4       org.eclipse.jdt.internal.compiler.lookup.PackageBinding::addNotFoundType (44 bytes)
Event: 14458.631 Thread 0x00000183eecaab10 nmethod 25592 0x00000183e493f210 code [0x00000183e493f3c0, 0x00000183e493f708]
Event: 14458.631 Thread 0x00000183eecaab10 25593       4       org.eclipse.jdt.internal.compiler.ast.ParameterizedSingleTypeReference::internalResolveType (234 bytes)
Event: 14458.655 Thread 0x00000183eecaab10 nmethod 25593 0x00000183e493f910 code [0x00000183e493fae0, 0x00000183e493fed8]
Event: 14458.656 Thread 0x00000183eecaab10 25594       4       org.eclipse.jdt.internal.compiler.parser.TypeConverter::decodeType3 (516 bytes)
Event: 14458.679 Thread 0x00000183eecaab10 nmethod 25594 0x00000183e4940490 code [0x00000183e4940680, 0x00000183e4941048]
Event: 14458.728 Thread 0x00000183eecaab10 25595   !   4       org.eclipse.jdt.internal.core.SourceTypeElementInfo::getEnclosingType (41 bytes)
Event: 14458.732 Thread 0x00000183eecaab10 nmethod 25595 0x00000183e4074e10 code [0x00000183e4074fa0, 0x00000183e4075078]
Event: 14458.748 Thread 0x00000183eecaab10 25596       4       org.eclipse.jdt.internal.compiler.ast.ReturnStatement::resolve (667 bytes)
Event: 14458.793 Thread 0x00000183eecaab10 nmethod 25596 0x00000183e4941a10 code [0x00000183e4941d00, 0x00000183e4942de0]
Event: 14458.793 Thread 0x00000183eecaab10 25597       4       org.eclipse.jdt.internal.compiler.ast.MemberValuePair::resolveTypeExpecting (1213 bytes)
Event: 14458.909 Thread 0x00000183eecaab10 nmethod 25597 0x00000183e4943f90 code [0x00000183e49443a0, 0x00000183e4946838]
Event: 14458.909 Thread 0x00000183eecaab10 25598       4       org.eclipse.jdt.internal.compiler.lookup.MethodVerifier::computeInheritedMethods (1071 bytes)

GC Heap History (20 events):
Event: 14458.895 GC heap before
{Heap before GC invocations=2953 (full 75):
 PSYoungGen      total 11264K, used 11232K [0x00000000eab00000, 0x00000000eb780000, 0x0000000100000000)
  eden space 10752K, 100% used [0x00000000eab00000,0x00000000eb580000,0x00000000eb580000)
  from space 512K, 93% used [0x00000000eb700000,0x00000000eb778020,0x00000000eb780000)
  to   space 1024K, 0% used [0x00000000eb580000,0x00000000eb580000,0x00000000eb680000)
 ParOldGen       total 231936K, used 212631K [0x00000000c0000000, 0x00000000ce280000, 0x00000000eab00000)
  object space 231936K, 91% used [0x00000000c0000000,0x00000000ccfa5d30,0x00000000ce280000)
 Metaspace       used 83001K, committed 84288K, reserved 1130496K
  class space    used 7927K, committed 8448K, reserved 1048576K
}
Event: 14458.896 GC heap after
{Heap after GC invocations=2953 (full 75):
 PSYoungGen      total 11776K, used 1018K [0x00000000eab00000, 0x00000000eba80000, 0x0000000100000000)
  eden space 10752K, 0% used [0x00000000eab00000,0x00000000eab00000,0x00000000eb580000)
  from space 1024K, 99% used [0x00000000eb580000,0x00000000eb67e910,0x00000000eb680000)
  to   space 2560K, 0% used [0x00000000eb800000,0x00000000eb800000,0x00000000eba80000)
 ParOldGen       total 231936K, used 213636K [0x00000000c0000000, 0x00000000ce280000, 0x00000000eab00000)
  object space 231936K, 92% used [0x00000000c0000000,0x00000000cd0a1068,0x00000000ce280000)
 Metaspace       used 83001K, committed 84288K, reserved 1130496K
  class space    used 7927K, committed 8448K, reserved 1048576K
}
Event: 14458.904 GC heap before
{Heap before GC invocations=2954 (full 75):
 PSYoungGen      total 11776K, used 11770K [0x00000000eab00000, 0x00000000eba80000, 0x0000000100000000)
  eden space 10752K, 100% used [0x00000000eab00000,0x00000000eb580000,0x00000000eb580000)
  from space 1024K, 99% used [0x00000000eb580000,0x00000000eb67e910,0x00000000eb680000)
  to   space 2560K, 0% used [0x00000000eb800000,0x00000000eb800000,0x00000000eba80000)
 ParOldGen       total 231936K, used 213636K [0x00000000c0000000, 0x00000000ce280000, 0x00000000eab00000)
  object space 231936K, 92% used [0x00000000c0000000,0x00000000cd0a1068,0x00000000ce280000)
 Metaspace       used 83001K, committed 84288K, reserved 1130496K
  class space    used 7927K, committed 8448K, reserved 1048576K
}
Event: 14458.905 GC heap after
{Heap after GC invocations=2954 (full 75):
 PSYoungGen      total 11264K, used 496K [0x00000000eab00000, 0x00000000eb880000, 0x0000000100000000)
  eden space 10752K, 0% used [0x00000000eab00000,0x00000000eab00000,0x00000000eb580000)
  from space 512K, 96% used [0x00000000eb800000,0x00000000eb87c010,0x00000000eb880000)
  to   space 1536K, 0% used [0x00000000eb580000,0x00000000eb580000,0x00000000eb700000)
 ParOldGen       total 231936K, used 214670K [0x00000000c0000000, 0x00000000ce280000, 0x00000000eab00000)
  object space 231936K, 92% used [0x00000000c0000000,0x00000000cd1a3a98,0x00000000ce280000)
 Metaspace       used 83001K, committed 84288K, reserved 1130496K
  class space    used 7927K, committed 8448K, reserved 1048576K
}
Event: 14458.914 GC heap before
{Heap before GC invocations=2955 (full 75):
 PSYoungGen      total 11264K, used 11248K [0x00000000eab00000, 0x00000000eb880000, 0x0000000100000000)
  eden space 10752K, 100% used [0x00000000eab00000,0x00000000eb580000,0x00000000eb580000)
  from space 512K, 96% used [0x00000000eb800000,0x00000000eb87c010,0x00000000eb880000)
  to   space 1536K, 0% used [0x00000000eb580000,0x00000000eb580000,0x00000000eb700000)
 ParOldGen       total 231936K, used 214670K [0x00000000c0000000, 0x00000000ce280000, 0x00000000eab00000)
  object space 231936K, 92% used [0x00000000c0000000,0x00000000cd1a3a98,0x00000000ce280000)
 Metaspace       used 83001K, committed 84288K, reserved 1130496K
  class space    used 7927K, committed 8448K, reserved 1048576K
}
Event: 14458.915 GC heap after
{Heap after GC invocations=2955 (full 75):
 PSYoungGen      total 12288K, used 560K [0x00000000eab00000, 0x00000000eb880000, 0x0000000100000000)
  eden space 10752K, 0% used [0x00000000eab00000,0x00000000eab00000,0x00000000eb580000)
  from space 1536K, 36% used [0x00000000eb580000,0x00000000eb60c030,0x00000000eb700000)
  to   space 1024K, 0% used [0x00000000eb780000,0x00000000eb780000,0x00000000eb880000)
 ParOldGen       total 231936K, used 214990K [0x00000000c0000000, 0x00000000ce280000, 0x00000000eab00000)
  object space 231936K, 92% used [0x00000000c0000000,0x00000000cd1f3ab8,0x00000000ce280000)
 Metaspace       used 83001K, committed 84288K, reserved 1130496K
  class space    used 7927K, committed 8448K, reserved 1048576K
}
Event: 14458.920 GC heap before
{Heap before GC invocations=2956 (full 75):
 PSYoungGen      total 12288K, used 11312K [0x00000000eab00000, 0x00000000eb880000, 0x0000000100000000)
  eden space 10752K, 100% used [0x00000000eab00000,0x00000000eb580000,0x00000000eb580000)
  from space 1536K, 36% used [0x00000000eb580000,0x00000000eb60c030,0x00000000eb700000)
  to   space 1024K, 0% used [0x00000000eb780000,0x00000000eb780000,0x00000000eb880000)
 ParOldGen       total 231936K, used 214990K [0x00000000c0000000, 0x00000000ce280000, 0x00000000eab00000)
  object space 231936K, 92% used [0x00000000c0000000,0x00000000cd1f3ab8,0x00000000ce280000)
 Metaspace       used 83001K, committed 84288K, reserved 1130496K
  class space    used 7927K, committed 8448K, reserved 1048576K
}
Event: 14458.921 GC heap after
{Heap after GC invocations=2956 (full 75):
 PSYoungGen      total 11264K, used 416K [0x00000000eab00000, 0x00000000eb800000, 0x0000000100000000)
  eden space 10752K, 0% used [0x00000000eab00000,0x00000000eab00000,0x00000000eb580000)
  from space 512K, 81% used [0x00000000eb780000,0x00000000eb7e8020,0x00000000eb800000)
  to   space 512K, 0% used [0x00000000eb700000,0x00000000eb700000,0x00000000eb780000)
 ParOldGen       total 231936K, used 215448K [0x00000000c0000000, 0x00000000ce280000, 0x00000000eab00000)
  object space 231936K, 92% used [0x00000000c0000000,0x00000000cd266220,0x00000000ce280000)
 Metaspace       used 83001K, committed 84288K, reserved 1130496K
  class space    used 7927K, committed 8448K, reserved 1048576K
}
Event: 14458.928 GC heap before
{Heap before GC invocations=2957 (full 75):
 PSYoungGen      total 11264K, used 11168K [0x00000000eab00000, 0x00000000eb800000, 0x0000000100000000)
  eden space 10752K, 100% used [0x00000000eab00000,0x00000000eb580000,0x00000000eb580000)
  from space 512K, 81% used [0x00000000eb780000,0x00000000eb7e8020,0x00000000eb800000)
  to   space 512K, 0% used [0x00000000eb700000,0x00000000eb700000,0x00000000eb780000)
 ParOldGen       total 231936K, used 215448K [0x00000000c0000000, 0x00000000ce280000, 0x00000000eab00000)
  object space 231936K, 92% used [0x00000000c0000000,0x00000000cd266220,0x00000000ce280000)
 Metaspace       used 83001K, committed 84288K, reserved 1130496K
  class space    used 7927K, committed 8448K, reserved 1048576K
}
Event: 14458.928 GC heap after
{Heap after GC invocations=2957 (full 75):
 PSYoungGen      total 11264K, used 512K [0x00000000eab00000, 0x00000000eb800000, 0x0000000100000000)
  eden space 10752K, 0% used [0x00000000eab00000,0x00000000eab00000,0x00000000eb580000)
  from space 512K, 100% used [0x00000000eb700000,0x00000000eb780000,0x00000000eb780000)
  to   space 512K, 0% used [0x00000000eb780000,0x00000000eb780000,0x00000000eb800000)
 ParOldGen       total 231936K, used 215760K [0x00000000c0000000, 0x00000000ce280000, 0x00000000eab00000)
  object space 231936K, 93% used [0x00000000c0000000,0x00000000cd2b4240,0x00000000ce280000)
 Metaspace       used 83001K, committed 84288K, reserved 1130496K
  class space    used 7927K, committed 8448K, reserved 1048576K
}
Event: 14458.944 GC heap before
{Heap before GC invocations=2958 (full 75):
 PSYoungGen      total 11264K, used 11264K [0x00000000eab00000, 0x00000000eb800000, 0x0000000100000000)
  eden space 10752K, 100% used [0x00000000eab00000,0x00000000eb580000,0x00000000eb580000)
  from space 512K, 100% used [0x00000000eb700000,0x00000000eb780000,0x00000000eb780000)
  to   space 512K, 0% used [0x00000000eb780000,0x00000000eb780000,0x00000000eb800000)
 ParOldGen       total 231936K, used 215760K [0x00000000c0000000, 0x00000000ce280000, 0x00000000eab00000)
  object space 231936K, 93% used [0x00000000c0000000,0x00000000cd2b4240,0x00000000ce280000)
 Metaspace       used 83001K, committed 84288K, reserved 1130496K
  class space    used 7927K, committed 8448K, reserved 1048576K
}
Event: 14458.946 GC heap after
{Heap after GC invocations=2958 (full 75):
 PSYoungGen      total 11264K, used 512K [0x00000000eab00000, 0x00000000eb980000, 0x0000000100000000)
  eden space 10752K, 0% used [0x00000000eab00000,0x00000000eab00000,0x00000000eb580000)
  from space 512K, 100% used [0x00000000eb780000,0x00000000eb800000,0x00000000eb800000)
  to   space 2048K, 0% used [0x00000000eb580000,0x00000000eb580000,0x00000000eb780000)
 ParOldGen       total 231936K, used 217093K [0x00000000c0000000, 0x00000000ce280000, 0x00000000eab00000)
  object space 231936K, 93% used [0x00000000c0000000,0x00000000cd4016a8,0x00000000ce280000)
 Metaspace       used 83001K, committed 84288K, reserved 1130496K
  class space    used 7927K, committed 8448K, reserved 1048576K
}
Event: 14458.952 GC heap before
{Heap before GC invocations=2959 (full 75):
 PSYoungGen      total 11264K, used 11264K [0x00000000eab00000, 0x00000000eb980000, 0x0000000100000000)
  eden space 10752K, 100% used [0x00000000eab00000,0x00000000eb580000,0x00000000eb580000)
  from space 512K, 100% used [0x00000000eb780000,0x00000000eb800000,0x00000000eb800000)
  to   space 2048K, 0% used [0x00000000eb580000,0x00000000eb580000,0x00000000eb780000)
 ParOldGen       total 231936K, used 217093K [0x00000000c0000000, 0x00000000ce280000, 0x00000000eab00000)
  object space 231936K, 93% used [0x00000000c0000000,0x00000000cd4016a8,0x00000000ce280000)
 Metaspace       used 83001K, committed 84288K, reserved 1130496K
  class space    used 7927K, committed 8448K, reserved 1048576K
}
Event: 14458.953 GC heap after
{Heap after GC invocations=2959 (full 75):
 PSYoungGen      total 11264K, used 512K [0x00000000eab00000, 0x00000000eb800000, 0x0000000100000000)
  eden space 10752K, 0% used [0x00000000eab00000,0x00000000eab00000,0x00000000eb580000)
  from space 512K, 100% used [0x00000000eb580000,0x00000000eb600000,0x00000000eb600000)
  to   space 1024K, 0% used [0x00000000eb700000,0x00000000eb700000,0x00000000eb800000)
 ParOldGen       total 231936K, used 217651K [0x00000000c0000000, 0x00000000ce280000, 0x00000000eab00000)
  object space 231936K, 93% used [0x00000000c0000000,0x00000000cd48cfb8,0x00000000ce280000)
 Metaspace       used 83001K, committed 84288K, reserved 1130496K
  class space    used 7927K, committed 8448K, reserved 1048576K
}
Event: 14458.961 GC heap before
{Heap before GC invocations=2960 (full 75):
 PSYoungGen      total 11264K, used 11264K [0x00000000eab00000, 0x00000000eb800000, 0x0000000100000000)
  eden space 10752K, 100% used [0x00000000eab00000,0x00000000eb580000,0x00000000eb580000)
  from space 512K, 100% used [0x00000000eb580000,0x00000000eb600000,0x00000000eb600000)
  to   space 1024K, 0% used [0x00000000eb700000,0x00000000eb700000,0x00000000eb800000)
 ParOldGen       total 231936K, used 217651K [0x00000000c0000000, 0x00000000ce280000, 0x00000000eab00000)
  object space 231936K, 93% used [0x00000000c0000000,0x00000000cd48cfb8,0x00000000ce280000)
 Metaspace       used 83001K, committed 84288K, reserved 1130496K
  class space    used 7927K, committed 8448K, reserved 1048576K
}
Event: 14458.962 GC heap after
{Heap after GC invocations=2960 (full 75):
 PSYoungGen      total 11776K, used 624K [0x00000000eab00000, 0x00000000eb800000, 0x0000000100000000)
  eden space 10752K, 0% used [0x00000000eab00000,0x00000000eab00000,0x00000000eb580000)
  from space 1024K, 60% used [0x00000000eb700000,0x00000000eb79c010,0x00000000eb800000)
  to   space 1024K, 0% used [0x00000000eb600000,0x00000000eb600000,0x00000000eb700000)
 ParOldGen       total 231936K, used 217971K [0x00000000c0000000, 0x00000000ce280000, 0x00000000eab00000)
  object space 231936K, 93% used [0x00000000c0000000,0x00000000cd4dcfd8,0x00000000ce280000)
 Metaspace       used 83001K, committed 84288K, reserved 1130496K
  class space    used 7927K, committed 8448K, reserved 1048576K
}
Event: 14458.968 GC heap before
{Heap before GC invocations=2961 (full 75):
 PSYoungGen      total 11776K, used 11376K [0x00000000eab00000, 0x00000000eb800000, 0x0000000100000000)
  eden space 10752K, 100% used [0x00000000eab00000,0x00000000eb580000,0x00000000eb580000)
  from space 1024K, 60% used [0x00000000eb700000,0x00000000eb79c010,0x00000000eb800000)
  to   space 1024K, 0% used [0x00000000eb600000,0x00000000eb600000,0x00000000eb700000)
 ParOldGen       total 231936K, used 217971K [0x00000000c0000000, 0x00000000ce280000, 0x00000000eab00000)
  object space 231936K, 93% used [0x00000000c0000000,0x00000000cd4dcfd8,0x00000000ce280000)
 Metaspace       used 83001K, committed 84288K, reserved 1130496K
  class space    used 7927K, committed 8448K, reserved 1048576K
}
Event: 14458.970 GC heap after
{Heap after GC invocations=2961 (full 75):
 PSYoungGen      total 11776K, used 512K [0x00000000eab00000, 0x00000000eb780000, 0x0000000100000000)
  eden space 10752K, 0% used [0x00000000eab00000,0x00000000eab00000,0x00000000eb580000)
  from space 1024K, 50% used [0x00000000eb600000,0x00000000eb680020,0x00000000eb700000)
  to   space 512K, 0% used [0x00000000eb700000,0x00000000eb700000,0x00000000eb780000)
 ParOldGen       total 231936K, used 218413K [0x00000000c0000000, 0x00000000ce280000, 0x00000000eab00000)
  object space 231936K, 94% used [0x00000000c0000000,0x00000000cd54b740,0x00000000ce280000)
 Metaspace       used 83001K, committed 84288K, reserved 1130496K
  class space    used 7927K, committed 8448K, reserved 1048576K
}
Event: 14458.977 GC heap before
{Heap before GC invocations=2962 (full 75):
 PSYoungGen      total 11776K, used 11264K [0x00000000eab00000, 0x00000000eb780000, 0x0000000100000000)
  eden space 10752K, 100% used [0x00000000eab00000,0x00000000eb580000,0x00000000eb580000)
  from space 1024K, 50% used [0x00000000eb600000,0x00000000eb680020,0x00000000eb700000)
  to   space 512K, 0% used [0x00000000eb700000,0x00000000eb700000,0x00000000eb780000)
 ParOldGen       total 231936K, used 218413K [0x00000000c0000000, 0x00000000ce280000, 0x00000000eab00000)
  object space 231936K, 94% used [0x00000000c0000000,0x00000000cd54b740,0x00000000ce280000)
 Metaspace       used 83001K, committed 84288K, reserved 1130496K
  class space    used 7927K, committed 8448K, reserved 1048576K
}
Event: 14458.977 GC heap after
{Heap after GC invocations=2962 (full 75):
 PSYoungGen      total 11264K, used 512K [0x00000000eab00000, 0x00000000eb780000, 0x0000000100000000)
  eden space 10752K, 0% used [0x00000000eab00000,0x00000000eab00000,0x00000000eb580000)
  from space 512K, 100% used [0x00000000eb700000,0x00000000eb780000,0x00000000eb780000)
  to   space 1024K, 0% used [0x00000000eb580000,0x00000000eb580000,0x00000000eb680000)
 ParOldGen       total 231936K, used 218741K [0x00000000c0000000, 0x00000000ce280000, 0x00000000eab00000)
  object space 231936K, 94% used [0x00000000c0000000,0x00000000cd59d760,0x00000000ce280000)
 Metaspace       used 83001K, committed 84288K, reserved 1130496K
  class space    used 7927K, committed 8448K, reserved 1048576K
}

Deoptimization events (20 events):
Event: 14419.331 Thread 0x00000183f16b52f0 Uncommon trap: trap_request=0xffffff45 fr.pc=0x00000183e425f7cc relative=0x00000000000009ac
Event: 14419.331 Thread 0x00000183f16b52f0 Uncommon trap: reason=unstable_if action=reinterpret pc=0x00000183e425f7cc method=org.eclipse.jdt.internal.compiler.codegen.ConstantPool.literalIndexForField([C[C[C)I @ 138 c2
Event: 14419.332 Thread 0x00000183f16b52f0 DEOPT PACKING pc=0x00000183e425f7cc sp=0x00000055052fe410
Event: 14419.332 Thread 0x00000183f16b52f0 DEOPT UNPACKING pc=0x00000183db7d20a3 sp=0x00000055052fe3c0 mode 2
Event: 14425.831 Thread 0x00000183f16b6fd0 Uncommon trap: trap_request=0xffffff45 fr.pc=0x00000183e41c8348 relative=0x0000000000000b08
Event: 14425.831 Thread 0x00000183f16b6fd0 Uncommon trap: reason=unstable_if action=reinterpret pc=0x00000183e41c8348 method=org.eclipse.jdt.internal.compiler.lookup.MethodScope.recordInitializationStates(Lorg/eclipse/jdt/internal/compiler/flow/FlowInfo;)I @ 77 c2
Event: 14425.831 Thread 0x00000183f16b6fd0 DEOPT PACKING pc=0x00000183e41c8348 sp=0x0000005506cfef10
Event: 14425.839 Thread 0x00000183f16b6fd0 DEOPT UNPACKING pc=0x00000183db7d20a3 sp=0x0000005506cfeeb0 mode 2
Event: 14425.885 Thread 0x00000183f16b22d0 Uncommon trap: trap_request=0xffffffde fr.pc=0x00000183e41a8908 relative=0x00000000000027e8
Event: 14425.885 Thread 0x00000183f16b22d0 Uncommon trap: reason=class_check action=maybe_recompile pc=0x00000183e41a8908 method=org.eclipse.jdt.internal.compiler.lookup.Scope.findMemberType([CLorg/eclipse/jdt/internal/compiler/lookup/ReferenceBinding;)Lorg/eclipse/jdt/internal/compiler/lookup/Ref
Event: 14425.885 Thread 0x00000183f16b22d0 DEOPT PACKING pc=0x00000183e41a8908 sp=0x0000005506bfdee0
Event: 14425.885 Thread 0x00000183f16b22d0 DEOPT UNPACKING pc=0x00000183db7d20a3 sp=0x0000005506bfde90 mode 2
Event: 14425.919 Thread 0x00000183f16b22d0 Uncommon trap: trap_request=0xffffffde fr.pc=0x00000183e418f048 relative=0x0000000000001c08
Event: 14425.919 Thread 0x00000183f16b22d0 Uncommon trap: reason=class_check action=maybe_recompile pc=0x00000183e418f048 method=org.eclipse.jdt.internal.compiler.ast.ASTNode.resolveAnnotations(Lorg/eclipse/jdt/internal/compiler/lookup/BlockScope;[Lorg/eclipse/jdt/internal/compiler/ast/Annotation;
Event: 14425.919 Thread 0x00000183f16b22d0 DEOPT PACKING pc=0x00000183e418f048 sp=0x0000005506bfe1b0
Event: 14425.919 Thread 0x00000183f16b22d0 DEOPT UNPACKING pc=0x00000183db7d20a3 sp=0x0000005506bfe118 mode 2
Event: 14443.544 Thread 0x00000183f296d020 DEOPT PACKING pc=0x00000183dd38afc8 sp=0x00000055053fe2d0
Event: 14443.544 Thread 0x00000183f296d020 DEOPT UNPACKING pc=0x00000183db7d2843 sp=0x00000055053fd7d8 mode 0
Event: 14456.064 Thread 0x00000183f16b0f90 DEOPT PACKING pc=0x00000183dce0c996 sp=0x0000005508afd820
Event: 14456.064 Thread 0x00000183f16b0f90 DEOPT UNPACKING pc=0x00000183db7d2843 sp=0x0000005508afcd08 mode 0

Classes unloaded (20 events):
Event: 14416.801 Thread 0x00000183ed0f78e0 Unloading class 0x0000000100670400 'jdk/internal/reflect/GeneratedSerializationConstructorAccessor81'
Event: 14416.801 Thread 0x00000183ed0f78e0 Unloading class 0x0000000100819800 'jdk/internal/reflect/GeneratedSerializationConstructorAccessor80'
Event: 14416.801 Thread 0x00000183ed0f78e0 Unloading class 0x0000000100823000 'jdk/internal/reflect/GeneratedSerializationConstructorAccessor79'
Event: 14416.801 Thread 0x00000183ed0f78e0 Unloading class 0x0000000100823c00 'jdk/internal/reflect/GeneratedSerializationConstructorAccessor78'
Event: 14416.801 Thread 0x00000183ed0f78e0 Unloading class 0x0000000100824400 'jdk/internal/reflect/GeneratedSerializationConstructorAccessor77'
Event: 14416.801 Thread 0x00000183ed0f78e0 Unloading class 0x0000000100838000 'jdk/internal/reflect/GeneratedSerializationConstructorAccessor76'
Event: 14416.802 Thread 0x00000183ed0f78e0 Unloading class 0x0000000100838c00 'jdk/internal/reflect/GeneratedSerializationConstructorAccessor75'
Event: 14416.802 Thread 0x00000183ed0f78e0 Unloading class 0x000000010075a400 'jdk/internal/reflect/GeneratedSerializationConstructorAccessor74'
Event: 14416.802 Thread 0x00000183ed0f78e0 Unloading class 0x0000000100768000 'jdk/internal/reflect/GeneratedSerializationConstructorAccessor73'
Event: 14416.802 Thread 0x00000183ed0f78e0 Unloading class 0x0000000100825400 'jdk/internal/reflect/GeneratedSerializationConstructorAccessor72'
Event: 14416.802 Thread 0x00000183ed0f78e0 Unloading class 0x0000000100827c00 'jdk/internal/reflect/GeneratedSerializationConstructorAccessor71'
Event: 14416.802 Thread 0x00000183ed0f78e0 Unloading class 0x0000000100839000 'jdk/internal/reflect/GeneratedConstructorAccessor78'
Event: 14416.802 Thread 0x00000183ed0f78e0 Unloading class 0x0000000100818c00 'jdk/internal/reflect/GeneratedMethodAccessor74'
Event: 14416.802 Thread 0x00000183ed0f78e0 Unloading class 0x0000000100211400 'jdk/internal/reflect/GeneratedMethodAccessor56'
Event: 14416.802 Thread 0x00000183ed0f78e0 Unloading class 0x0000000100312000 'jdk/internal/reflect/GeneratedMethodAccessor54'
Event: 14416.803 Thread 0x00000183ed0f78e0 Unloading class 0x00000001003e6000 'jdk/internal/reflect/GeneratedMethodAccessor52'
Event: 14416.803 Thread 0x00000183ed0f78e0 Unloading class 0x000000010050c000 'jdk/internal/reflect/GeneratedMethodAccessor50'
Event: 14416.803 Thread 0x00000183ed0f78e0 Unloading class 0x0000000100641400 'jdk/internal/reflect/GeneratedMethodAccessor45'
Event: 14416.803 Thread 0x00000183ed0f78e0 Unloading class 0x0000000100756400 'jdk/internal/reflect/GeneratedMethodAccessor44'
Event: 14416.803 Thread 0x00000183ed0f78e0 Unloading class 0x00000001007b8000 'jdk/internal/reflect/GeneratedConstructorAccessor52'

Classes redefined (0 events):
No events

Internal exceptions (20 events):
Event: 14446.182 Thread 0x00000183f16b52f0 Implicit null exception at 0x00000183dd62f53f to 0x00000183dd6343ca
Event: 14446.182 Thread 0x00000183f16b52f0 Exception <a 'java/lang/NullPointerException'{0x00000000eab0ce78}> (0x00000000eab0ce78) 
thrown [s\src\hotspot\share\runtime\sharedRuntime.cpp, line 628]
Event: 14446.182 Thread 0x00000183f16b52f0 Implicit null exception at 0x00000183dd62f53f to 0x00000183dd6343ca
Event: 14446.182 Thread 0x00000183f16b52f0 Exception <a 'java/lang/NullPointerException'{0x00000000eab0da28}> (0x00000000eab0da28) 
thrown [s\src\hotspot\share\runtime\sharedRuntime.cpp, line 628]
Event: 14446.182 Thread 0x00000183f16b52f0 Implicit null exception at 0x00000183dd62f53f to 0x00000183dd6343ca
Event: 14446.182 Thread 0x00000183f16b52f0 Exception <a 'java/lang/NullPointerException'{0x00000000eab0dfa8}> (0x00000000eab0dfa8) 
thrown [s\src\hotspot\share\runtime\sharedRuntime.cpp, line 628]
Event: 14446.182 Thread 0x00000183f16b52f0 Implicit null exception at 0x00000183dd62f53f to 0x00000183dd6343ca
Event: 14446.182 Thread 0x00000183f16b52f0 Exception <a 'java/lang/NullPointerException'{0x00000000eab0e528}> (0x00000000eab0e528) 
thrown [s\src\hotspot\share\runtime\sharedRuntime.cpp, line 628]
Event: 14446.268 Thread 0x00000183f16b52f0 Implicit null exception at 0x00000183dd62f53f to 0x00000183dd6343ca
Event: 14446.268 Thread 0x00000183f16b52f0 Exception <a 'java/lang/NullPointerException'{0x00000000eac24c90}> (0x00000000eac24c90) 
thrown [s\src\hotspot\share\runtime\sharedRuntime.cpp, line 628]
Event: 14446.268 Thread 0x00000183f16b52f0 Implicit null exception at 0x00000183dd62f53f to 0x00000183dd6343ca
Event: 14446.268 Thread 0x00000183f16b52f0 Exception <a 'java/lang/NullPointerException'{0x00000000eac25210}> (0x00000000eac25210) 
thrown [s\src\hotspot\share\runtime\sharedRuntime.cpp, line 628]
Event: 14446.268 Thread 0x00000183f16b52f0 Implicit null exception at 0x00000183dd62f53f to 0x00000183dd6343ca
Event: 14446.268 Thread 0x00000183f16b52f0 Exception <a 'java/lang/NullPointerException'{0x00000000eac25790}> (0x00000000eac25790) 
thrown [s\src\hotspot\share\runtime\sharedRuntime.cpp, line 628]
Event: 14446.268 Thread 0x00000183f16b52f0 Implicit null exception at 0x00000183dd62f53f to 0x00000183dd6343ca
Event: 14446.268 Thread 0x00000183f16b52f0 Exception <a 'java/lang/NullPointerException'{0x00000000eac263a0}> (0x00000000eac263a0) 
thrown [s\src\hotspot\share\runtime\sharedRuntime.cpp, line 628]
Event: 14446.268 Thread 0x00000183f16b52f0 Implicit null exception at 0x00000183dd62f53f to 0x00000183dd6343ca
Event: 14446.268 Thread 0x00000183f16b52f0 Exception <a 'java/lang/NullPointerException'{0x00000000eac26920}> (0x00000000eac26920) 
thrown [s\src\hotspot\share\runtime\sharedRuntime.cpp, line 628]
Event: 14446.268 Thread 0x00000183f16b52f0 Implicit null exception at 0x00000183dd62f53f to 0x00000183dd6343ca
Event: 14446.268 Thread 0x00000183f16b52f0 Exception <a 'java/lang/NullPointerException'{0x00000000eac26ea0}> (0x00000000eac26ea0) 
thrown [s\src\hotspot\share\runtime\sharedRuntime.cpp, line 628]

VM Operations (20 events):
Event: 14458.895 Executing VM operation: ParallelGCFailedAllocation
Event: 14458.896 Executing VM operation: ParallelGCFailedAllocation done
Event: 14458.904 Executing VM operation: ParallelGCFailedAllocation
Event: 14458.906 Executing VM operation: ParallelGCFailedAllocation done
Event: 14458.913 Executing VM operation: ParallelGCFailedAllocation
Event: 14458.915 Executing VM operation: ParallelGCFailedAllocation done
Event: 14458.920 Executing VM operation: ParallelGCFailedAllocation
Event: 14458.921 Executing VM operation: ParallelGCFailedAllocation done
Event: 14458.928 Executing VM operation: ParallelGCFailedAllocation
Event: 14458.929 Executing VM operation: ParallelGCFailedAllocation done
Event: 14458.944 Executing VM operation: ParallelGCFailedAllocation
Event: 14458.946 Executing VM operation: ParallelGCFailedAllocation done
Event: 14458.952 Executing VM operation: ParallelGCFailedAllocation
Event: 14458.953 Executing VM operation: ParallelGCFailedAllocation done
Event: 14458.961 Executing VM operation: ParallelGCFailedAllocation
Event: 14458.962 Executing VM operation: ParallelGCFailedAllocation done
Event: 14458.968 Executing VM operation: ParallelGCFailedAllocation
Event: 14458.970 Executing VM operation: ParallelGCFailedAllocation done
Event: 14458.977 Executing VM operation: ParallelGCFailedAllocation
Event: 14458.978 Executing VM operation: ParallelGCFailedAllocation done

Events (20 events):
Event: 14425.864 Thread 0x00000183f2970eb0 Thread exited: 0x00000183f2970eb0
Event: 14425.864 Thread 0x00000183f521d1d0 Thread exited: 0x00000183f521d1d0
Event: 14425.865 Thread 0x00000183f296cb50 Thread exited: 0x00000183f296cb50
Event: 14425.865 Thread 0x00000183fbdb65a0 Thread exited: 0x00000183fbdb65a0
Event: 14425.865 Thread 0x00000183f2970510 Thread exited: 0x00000183f2970510
Event: 14425.866 Thread 0x00000183fbdb6f40 Thread exited: 0x00000183fbdb6f40
Event: 14425.869 Thread 0x00000183f521be90 Thread exited: 0x00000183f521be90
Event: 14425.869 Thread 0x00000183fbdb3580 Thread exited: 0x00000183fbdb3580
Event: 14425.877 Thread 0x00000183eecdc5d0 flushing nmethod 0x00000183de16e990
Event: 14425.877 Thread 0x00000183eecdc5d0 flushing nmethod 0x00000183de1ae010
Event: 14425.877 Thread 0x00000183eecdc5d0 flushing nmethod 0x00000183de1c2210
Event: 14425.923 Thread 0x00000183fbdb5730 Thread added: 0x00000183fbdb5730
Event: 14426.054 Thread 0x00000183fbdb5730 Thread exited: 0x00000183fbdb5730
Event: 14426.060 Thread 0x00000183fbdb5730 Thread added: 0x00000183fbdb5730
Event: 14426.107 Thread 0x00000183f3216f80 Thread added: 0x00000183f3216f80
Event: 14426.622 Thread 0x00000183f3216f80 Thread exited: 0x00000183f3216f80
Event: 14444.586 loading class jdk/internal/module/IllegalAccessLogger
Event: 14444.587 loading class jdk/internal/module/IllegalAccessLogger done
Event: 14444.588 Thread 0x00000183fbdb2240 Thread added: 0x00000183fbdb2240
Event: 14444.609 Thread 0x00000183fbdb2240 Thread exited: 0x00000183fbdb2240


Dynamic libraries:
0x00007ff66b8a0000 - 0x00007ff66b8ae000 	c:\Users\krush\.kiro\extensions\redhat.java-1.12.0-win32-x64\jre\17.0.4.1-win32-x86_64\bin\java.exe
0x00007ffdf1be0000 - 0x00007ffdf1e47000 	C:\WINDOWS\SYSTEM32\ntdll.dll
0x00007ffdf03f0000 - 0x00007ffdf04b9000 	C:\WINDOWS\System32\KERNEL32.DLL
0x00007ffdef260000 - 0x00007ffdef654000 	C:\WINDOWS\System32\KERNELBASE.dll
0x00007ffdebcd0000 - 0x00007ffdebd6f000 	C:\WINDOWS\SYSTEM32\apphelp.dll
0x00007ffdee670000 - 0x00007ffdee7bb000 	C:\WINDOWS\System32\ucrtbase.dll
0x00007ffdc2200000 - 0x00007ffdc2219000 	c:\Users\krush\.kiro\extensions\redhat.java-1.12.0-win32-x64\jre\17.0.4.1-win32-x86_64\bin\VCRUNTIME140.dll
0x00007ffdb0760000 - 0x00007ffdb0778000 	c:\Users\krush\.kiro\extensions\redhat.java-1.12.0-win32-x64\jre\17.0.4.1-win32-x86_64\bin\jli.dll
0x00007ffdefb10000 - 0x00007ffdefcd5000 	C:\WINDOWS\System32\USER32.dll
0x00007ffdef720000 - 0x00007ffdef747000 	C:\WINDOWS\System32\win32u.dll
0x00007ffdf03c0000 - 0x00007ffdf03eb000 	C:\WINDOWS\System32\GDI32.dll
0x00007ffdee540000 - 0x00007ffdee66b000 	C:\WINDOWS\System32\gdi32full.dll
0x00007ffdef8c0000 - 0x00007ffdef963000 	C:\WINDOWS\System32\msvcp_win.dll
0x00007ffdcf9c0000 - 0x00007ffdcfc53000 	C:\WINDOWS\WinSxS\amd64_microsoft.windows.common-controls_6595b64144ccf1df_6.0.26100.8115_none_3e075c82e3354f9c\COMCTL32.dll
0x00007ffdf0be0000 - 0x00007ffdf0c89000 	C:\WINDOWS\System32\msvcrt.dll
0x00007ffdf0950000 - 0x00007ffdf0982000 	C:\WINDOWS\System32\IMM32.DLL
0x00007ffdc6500000 - 0x00007ffdc650c000 	c:\Users\krush\.kiro\extensions\redhat.java-1.12.0-win32-x64\jre\17.0.4.1-win32-x86_64\bin\vcruntime140_1.dll
0x00007ffd5a6c0000 - 0x00007ffd5a751000 	c:\Users\krush\.kiro\extensions\redhat.java-1.12.0-win32-x64\jre\17.0.4.1-win32-x86_64\bin\msvcp140.dll
0x00007ffd043f0000 - 0x00007ffd05036000 	c:\Users\krush\.kiro\extensions\redhat.java-1.12.0-win32-x64\jre\17.0.4.1-win32-x86_64\bin\server\jvm.dll
0x00007ffdf0990000 - 0x00007ffdf0a46000 	C:\WINDOWS\System32\ADVAPI32.dll
0x00007ffdf1a10000 - 0x00007ffdf1ab7000 	C:\WINDOWS\System32\sechost.dll
0x00007ffdf0c90000 - 0x00007ffdf0da8000 	C:\WINDOWS\System32\RPCRT4.dll
0x00007ffdf0940000 - 0x00007ffdf0948000 	C:\WINDOWS\System32\PSAPI.DLL
0x00007ffde7310000 - 0x00007ffde7346000 	C:\WINDOWS\SYSTEM32\WINMM.dll
0x00007ffdd1960000 - 0x00007ffdd196a000 	C:\WINDOWS\SYSTEM32\WSOCK32.dll
0x00007ffde7ad0000 - 0x00007ffde7adb000 	C:\WINDOWS\SYSTEM32\VERSION.dll
0x00007ffdf0a50000 - 0x00007ffdf0ad0000 	C:\WINDOWS\System32\WS2_32.dll
0x00007ffded210000 - 0x00007ffded22b000 	C:\WINDOWS\SYSTEM32\kernel.appcore.dll
0x00007ffdc55a0000 - 0x00007ffdc55aa000 	c:\Users\krush\.kiro\extensions\redhat.java-1.12.0-win32-x64\jre\17.0.4.1-win32-x86_64\bin\jimage.dll
0x00007ffde2320000 - 0x00007ffde2562000 	C:\WINDOWS\SYSTEM32\DBGHELP.DLL
0x00007ffdf04c0000 - 0x00007ffdf0842000 	C:\WINDOWS\System32\combase.dll
0x00007ffdeff90000 - 0x00007ffdf0068000 	C:\WINDOWS\System32\OLEAUT32.dll
0x00007ffdcd6f0000 - 0x00007ffdcd72b000 	C:\WINDOWS\SYSTEM32\dbgcore.DLL
0x00007ffdee7c0000 - 0x00007ffdee865000 	C:\WINDOWS\System32\bcryptPrimitives.dll
0x00007ffdb0090000 - 0x00007ffdb009e000 	c:\Users\krush\.kiro\extensions\redhat.java-1.12.0-win32-x64\jre\17.0.4.1-win32-x86_64\bin\instrument.dll
0x00007ffd5ba20000 - 0x00007ffd5ba45000 	c:\Users\krush\.kiro\extensions\redhat.java-1.12.0-win32-x64\jre\17.0.4.1-win32-x86_64\bin\java.dll
0x00007ffdc9d30000 - 0x00007ffdc9d48000 	c:\Users\krush\.kiro\extensions\redhat.java-1.12.0-win32-x64\jre\17.0.4.1-win32-x86_64\bin\zip.dll
0x00007ffdf1240000 - 0x00007ffdf19a7000 	C:\WINDOWS\System32\SHELL32.dll
0x00007ffdef750000 - 0x00007ffdef8ba000 	C:\WINDOWS\System32\wintypes.dll
0x00007ffdee9f0000 - 0x00007ffdef258000 	C:\WINDOWS\System32\windows.storage.dll
0x00007ffdf0ae0000 - 0x00007ffdf0bd8000 	C:\WINDOWS\System32\SHCORE.dll
0x00007ffdf08d0000 - 0x00007ffdf0936000 	C:\WINDOWS\System32\shlwapi.dll
0x00007ffdee3d0000 - 0x00007ffdee3f9000 	C:\WINDOWS\SYSTEM32\profapi.dll
0x00007ffdc2290000 - 0x00007ffdc22a9000 	C:\Users\krush\.kiro\extensions\redhat.java-1.12.0-win32-x64\jre\17.0.4.1-win32-x86_64\bin\net.dll
0x00007ffde7690000 - 0x00007ffde77bd000 	C:\WINDOWS\SYSTEM32\WINHTTP.dll
0x00007ffded7b0000 - 0x00007ffded81c000 	C:\WINDOWS\system32\mswsock.dll
0x00007ffd7c480000 - 0x00007ffd7c495000 	C:\Users\krush\.kiro\extensions\redhat.java-1.12.0-win32-x64\jre\17.0.4.1-win32-x86_64\bin\nio.dll
0x00007ffde19d0000 - 0x00007ffde19e0000 	c:\Users\krush\.kiro\extensions\redhat.java-1.12.0-win32-x64\jre\17.0.4.1-win32-x86_64\bin\verify.dll
0x00007ffd5bad0000 - 0x00007ffd5bb0e000 	C:\Users\krush\AppData\Roaming\Kiro\User\globalStorage\redhat.java\1.12.0\config_win\org.eclipse.equinox.launcher\org.eclipse.equinox.launcher.win32.win32.x86_64_1.2.600.v20220720-1916\eclipse_11700.dll
0x00007ffdef970000 - 0x00007ffdefb07000 	C:\WINDOWS\System32\ole32.dll
0x00007ffdc8310000 - 0x00007ffdc8319000 	C:\Users\krush\.kiro\extensions\redhat.java-1.12.0-win32-x64\jre\17.0.4.1-win32-x86_64\bin\management.dll
0x00007ffdb0080000 - 0x00007ffdb008b000 	C:\Users\krush\.kiro\extensions\redhat.java-1.12.0-win32-x64\jre\17.0.4.1-win32-x86_64\bin\management_ext.dll
0x00007ffdedaa0000 - 0x00007ffdedabb000 	C:\WINDOWS\SYSTEM32\CRYPTSP.dll
0x00007ffded170000 - 0x00007ffded1a9000 	C:\WINDOWS\system32\rsaenh.dll
0x00007ffded860000 - 0x00007ffded893000 	C:\WINDOWS\SYSTEM32\USERENV.dll
0x00007ffdee3a0000 - 0x00007ffdee3ca000 	C:\WINDOWS\SYSTEM32\bcrypt.dll
0x00007ffdeda90000 - 0x00007ffdeda9c000 	C:\WINDOWS\SYSTEM32\CRYPTBASE.dll
0x00007ffdecbe0000 - 0x00007ffdecc12000 	C:\WINDOWS\SYSTEM32\IPHLPAPI.DLL
0x00007ffdf1ac0000 - 0x00007ffdf1aca000 	C:\WINDOWS\System32\NSI.dll
0x00007ffde8e40000 - 0x00007ffde8e5d000 	C:\WINDOWS\SYSTEM32\dhcpcsvc6.DLL
0x00007ffde8d50000 - 0x00007ffde8d75000 	C:\WINDOWS\SYSTEM32\dhcpcsvc.DLL
0x00007ffdecc70000 - 0x00007ffdecda2000 	C:\WINDOWS\SYSTEM32\DNSAPI.dll
0x00007ffd5ba50000 - 0x00007ffd5ba90000 	C:\Users\krush\AppData\Local\Temp\jna-102329027\jna7455601787872457689.dll
0x00007ffdac860000 - 0x00007ffdac86e000 	C:\Users\krush\.kiro\extensions\redhat.java-1.12.0-win32-x64\jre\17.0.4.1-win32-x86_64\bin\sunmscapi.dll
0x00007ffdee870000 - 0x00007ffdee9e7000 	C:\WINDOWS\System32\CRYPT32.dll
0x00007ffdedcb0000 - 0x00007ffdedce0000 	C:\WINDOWS\SYSTEM32\ncrypt.dll
0x00007ffdedc60000 - 0x00007ffdedc9f000 	C:\WINDOWS\SYSTEM32\NTASN1.dll
0x00007ffde7aa0000 - 0x00007ffde7aab000 	C:\Windows\System32\rasadhlp.dll
0x00007ffde9530000 - 0x00007ffde95b6000 	C:\WINDOWS\System32\fwpuclnt.dll
0x00007ffded340000 - 0x00007ffded376000 	C:\WINDOWS\SYSTEM32\ntmarta.dll

dbghelp: loaded successfully - version: 4.0.5 - missing functions: none
symbol engine: initialized successfully - sym options: 0x614 - pdb path: .;c:\Users\krush\.kiro\extensions\redhat.java-1.12.0-win32-x64\jre\17.0.4.1-win32-x86_64\bin;C:\WINDOWS\SYSTEM32;C:\WINDOWS\WinSxS\amd64_microsoft.windows.common-controls_6595b64144ccf1df_6.0.26100.8115_none_3e075c82e3354f9c;c:\Users\krush\.kiro\extensions\redhat.java-1.12.0-win32-x64\jre\17.0.4.1-win32-x86_64\bin\server;C:\Users\krush\AppData\Roaming\Kiro\User\globalStorage\redhat.java\1.12.0\config_win\org.eclipse.equinox.launcher\org.eclipse.equinox.launcher.win32.win32.x86_64_1.2.600.v20220720-1916;C:\Users\krush\AppData\Local\Temp\jna-102329027

VM Arguments:
jvm_args: --add-modules=ALL-SYSTEM --add-opens=java.base/java.util=ALL-UNNAMED --add-opens=java.base/java.lang=ALL-UNNAMED --add-opens=java.base/sun.nio.fs=ALL-UNNAMED -Declipse.application=org.eclipse.jdt.ls.core.id1 -Dosgi.bundles.defaultStartLevel=4 -Declipse.product=org.eclipse.jdt.ls.core.product -Djava.import.generatesMetadataFilesAtProjectRoot=false -Dfile.encoding=utf8 -XX:+UseParallelGC -XX:GCTimeRatio=4 -XX:AdaptiveSizePolicyWeight=90 -Dsun.zip.disableMemoryMapping=true -Xmx1G -Xms100m -Xlog:disable -javaagent:c:\Users\krush\.kiro\extensions\redhat.java-1.12.0-win32-x64\lombok\lombok-1.18.24.jar -XX:+HeapDumpOnOutOfMemoryError -XX:HeapDumpPath=c:\Users\krush\AppData\Roaming\Kiro\User\workspaceStorage\934c1f062ea8e8dbf56b386759fc694c\redhat.java 
java_command: c:\Users\krush\.kiro\extensions\redhat.java-1.12.0-win32-x64\server\plugins\org.eclipse.equinox.launcher_1.6.400.v20210924-0641.jar -configuration c:\Users\krush\AppData\Roaming\Kiro\User\globalStorage\redhat.java\1.12.0\config_win -data c:\Users\krush\AppData\Roaming\Kiro\User\workspaceStorage\934c1f062ea8e8dbf56b386759fc694c\redhat.java\jdt_ws
java_class_path (initial): c:\Users\krush\.kiro\extensions\redhat.java-1.12.0-win32-x64\server\plugins\org.eclipse.equinox.launcher_1.6.400.v20210924-0641.jar
Launcher Type: SUN_STANDARD

[Global flags]
    uintx AdaptiveSizePolicyWeight                 = 90                                        {product} {command line}
     intx CICompilerCount                          = 4                                         {product} {ergonomic}
    uintx GCTimeRatio                              = 4                                         {product} {command line}
     bool HeapDumpOnOutOfMemoryError               = true                                   {manageable} {command line}
    ccstr HeapDumpPath                             = c:\Users\krush\AppData\Roaming\Kiro\User\workspaceStorage\934c1f062ea8e8dbf56b386759fc694c\redhat.java         {manageable} {command line}
   size_t InitialHeapSize                          = 104857600                                 {product} {command line}
   size_t MaxHeapSize                              = 1073741824                                {product} {command line}
   size_t MaxNewSize                               = 357564416                                 {product} {ergonomic}
   size_t MinHeapDeltaBytes                        = 524288                                    {product} {ergonomic}
   size_t MinHeapSize                              = 104857600                                 {product} {command line}
   size_t NewSize                                  = 34603008                                  {product} {ergonomic}
    uintx NonNMethodCodeHeapSize                   = 5839372                                {pd product} {ergonomic}
    uintx NonProfiledCodeHeapSize                  = 122909434                              {pd product} {ergonomic}
   size_t OldSize                                  = 70254592                                  {product} {ergonomic}
    uintx ProfiledCodeHeapSize                     = 122909434                              {pd product} {ergonomic}
    uintx ReservedCodeCacheSize                    = 251658240                              {pd product} {ergonomic}
     bool SegmentedCodeCache                       = true                                      {product} {ergonomic}
   size_t SoftMaxHeapSize                          = 1073741824                             {manageable} {ergonomic}
     bool UseCompressedClassPointers               = true                           {product lp64_product} {ergonomic}
     bool UseCompressedOops                        = true                           {product lp64_product} {ergonomic}
     bool UseLargePagesIndividualAllocation        = false                                  {pd product} {ergonomic}
     bool UseParallelGC                            = true                                      {product} {command line}

Logging:
Log output configuration:
 #0: stdout all=off uptime,level,tags
 #1: stderr all=off uptime,level,tags

Environment Variables:
PATH=C:\Program Files\SqlCmd\;C:\Program Files\Common Files\Oracle\Java\javapath;C:\Program Files\Eclipse Adoptium\jdk-17.0.15.6-hotspot\bin;C:\Program Files\Eclipse Adoptium\jdk-8.0.452.9-hotspot\bin;C:\windows\system32;C:\windows;C:\windows\System32\Wbem;C:\windows\System32\WindowsPowerShell\v1.0\;C:\windows\System32\OpenSSH\;C:\Program Files (x86)\NVIDIA Corporation\PhysX\Common;C:\Program Files\NVIDIA Corporation\NVIDIA NvDLISR;C:\WINDOWS\system32;C:\WINDOWS;C:\WINDOWS\System32\Wbem;C:\WINDOWS\System32\WindowsPowerShell\v1.0\;C:\WINDOWS\System32\OpenSSH\;C:\Users\krush\eclipse\jee-2023-12\eclipse;C:\Program Files\MongoDB\Server\7.0\bin;D:\MinGW\bin;C:\WINDOWS\system32;C:\WINDOWS;C:\WINDOWS\System32\Wbem;C:\WINDOWS\System32\WindowsPowerShell\v1.0\;C:\WINDOWS\System32\OpenSSH\;D:\Softwares\apache-maven-3.9.11-bin\apache-maven-3.9.11\bin;C:\ProgramData\chocolatey\bin;C:\Program Files\nodejs\;C:\Program Files\PostgreSQL\17\bin;C:\Program Files\Docker\Docker\resources\bin;C:\Program Files\WireGuard\;C:\Program Files\dotnet\;C:\Program Files\Git\cmd;C:\Program Files\Go\bin;C:\Users\krush\AppData\Local\Microsoft\WindowsApps;D:\MinGW\bin;D:\software\IntelliJ IDEA Community Edition 2024.3\bin;;C:\Users\krush\anaconda3;C:\Users\krush\anaconda3\Scripts;C:\Users\krush\anaconda3\Library\bin;D:\VsCode Editor\Microsoft VS Code\bin;C:\Program Files\Eclipse Adoptium\jdk-8.0.452.9-hotspot\bin;C:\Program Files\Docker\Docker\Docker Desktop.exe;C:\Users\krush\AppData\Roaming\npm;C:\Program Files\PostgreSQL\17\bin;C:\Users\krush\AppData\Local\GitHubDesktop\bin;C:\Users\krush\.dotnet\tools;C:\Users\krush\go\bin;C:\Users\krush\AppData\Local\Programs\Antigravity\bin;C:\Users\krush\AppData\Local\Programs\Kiro\bin
USERNAME=krush
OS=Windows_NT
PROCESSOR_IDENTIFIER=AMD64 Family 25 Model 80 Stepping 0, AuthenticAMD
TMP=C:\Users\krush\AppData\Local\Temp
TEMP=C:\Users\krush\AppData\Local\Temp



---------------  S Y S T E M  ---------------

OS:
 Windows 11 , 64 bit Build 26100 (10.0.26100.8246)
OS uptime: 1 days 10:40 hours
Hyper-V role detected

CPU: total 12 (initial active 12) (12 cores per cpu, 2 threads per core) family 25 model 80 stepping 0 microcode 0xa500014, cx8, cmov, fxsr, ht, mmx, 3dnowpref, sse, sse2, sse3, ssse3, sse4a, sse4.1, sse4.2, popcnt, lzcnt, tsc, tscinvbit, avx, avx2, aes, erms, clmul, bmi1, bmi2, adx, sha, fma, vzeroupper, clflush, clflushopt, hv

Memory: 4k page, system-wide physical 7518M (1053M free)
TotalPageFile size 31070M (AvailPageFile size 0M)
current process WorkingSet (physical memory assigned to process): 323M, peak: 739M
current process commit charge ("private bytes"): 562M, peak: 798M

vm_info: OpenJDK 64-Bit Server VM (17.0.4.1+1) for windows-amd64 JRE (17.0.4.1+1), built on Aug 17 2022 07:42:43 by "temurin" with MS VC++ 16.7 (VS2019)

END.
